app/build/intermediates/manifest_merge_blame_file/debug/manifest-merger-blame-debug-report.txt
1<?xml version="1.0" encoding="utf-8"?>
2<manifest xmlns:android="http://schemas.android.com/apk/res/android"
3    package="com.example.myapplication"
4    android:versionCode="1"
5    android:versionName="1.0" >
6
7    <uses-sdk
8        android:minSdkVersion="21"
8-->src\main\AndroidManifest.xml
9        android:targetSdkVersion="32" />
9-->src\main\AndroidManifest.xml
10
11    <uses-permission android:name="android.permission.INTERNET" />
11-->src\main\AndroidManifest.xml:5:5-67
11-->src\main\AndroidManifest.xml:5:22-64
12
13    <application
13-->src\main\AndroidManifest.xml:7:5-43:19
14        android:allowBackup="true"
14-->src\main\AndroidManifest.xml:8:9-35
15        android:appComponentFactory="androidx.core.app.CoreComponentFactory"
15-->[androidx.core:core:1.7.0] AndroidManifest.xml:24:18-86
16        android:debuggable="true"
17        android:icon="@mipmap/ic_launcher"
17-->src\main\AndroidManifest.xml:9:9-43
18        android:label="@string/app_name"
18-->src\main\AndroidManifest.xml:10:9-41
19        android:roundIcon="@mipmap/ic_launcher_round"
19-->src\main\AndroidManifest.xml:11:9-54
20        android:supportsRtl="true"
20-->src\main\AndroidManifest.xml:12:9-35
21        android:testOnly="true"
22        android:theme="@style/Theme.MyApplication"
22-->src\main\AndroidManifest.xml:13:9-51
23        android:usesCleartextTraffic="true" >
23-->src\main\AndroidManifest.xml:14:9-44
24        <activity
24-->src\main\AndroidManifest.xml:15:9-17:40
25            android:name="com.example.myapplication.ProfileActivity"
25-->src\main\AndroidManifest.xml:16:13-44
26            android:exported="false" />
26-->src\main\AndroidManifest.xml:17:13-37
27        <activity
27-->src\main\AndroidManifest.xml:18:9-21:61
28            android:name="com.example.myapplication.ui.login.LoginActivity2"
28-->src\main\AndroidManifest.xml:19:13-52
29            android:exported="false"
29-->src\main\AndroidManifest.xml:20:13-37
30            android:label="@string/title_activity_login2" />
30-->src\main\AndroidManifest.xml:21:13-58
31        <activity
31-->src\main\AndroidManifest.xml:22:9-24:40
32            android:name="com.example.myapplication.MenuActivity"
32-->src\main\AndroidManifest.xml:23:13-41
33            android:exported="false" />
33-->src\main\AndroidManifest.xml:24:13-37
34        <activity
34-->src\main\AndroidManifest.xml:25:9-27:39
35            android:name="com.example.myapplication.SignInActivity"
35-->src\main\AndroidManifest.xml:26:13-43
36            android:exported="true" />
36-->src\main\AndroidManifest.xml:27:13-36
37        <activity
37-->src\main\AndroidManifest.xml:28:9-30:40
38            android:name="com.example.myapplication.ActivityForget"
38-->src\main\AndroidManifest.xml:29:13-43
39            android:exported="false" />
39-->src\main\AndroidManifest.xml:30:13-37
40        <activity
40-->src\main\AndroidManifest.xml:31:9-33:39
41            android:name="com.example.myapplication.LoginActivity"
41-->src\main\AndroidManifest.xml:32:13-42
42            android:exported="true" />
42-->src\main\AndroidManifest.xml:33:13-36
43        <activity
43-->src\main\AndroidManifest.xml:34:9-42:20
44            android:name="com.example.myapplication.SplashScreen"
44-->src\main\AndroidManifest.xml:35:13-41
45            android:exported="true" >
45-->src\main\AndroidManifest.xml:36:13-36
46            <intent-filter>
46-->src\main\AndroidManifest.xml:37:13-41:29
47                <action android:name="android.intent.action.MAIN" />
47-->src\main\AndroidManifest.xml:38:17-69
47-->src\main\AndroidManifest.xml:38:25-66
48
49                <category android:name="android.intent.category.LAUNCHER" />
49-->src\main\AndroidManifest.xml:40:17-77
49-->src\main\AndroidManifest.xml:40:27-74
50            </intent-filter>
51        </activity>
52
53        <provider
53-->[androidx.emoji2:emoji2:1.0.0] AndroidManifest.xml:26:9-34:20
54            android:name="androidx.startup.InitializationProvider"
54-->[androidx.emoji2:emoji2:1.0.0] AndroidManifest.xml:27:13-67
55            android:authorities="com.example.myapplication.androidx-startup"
55-->[androidx.emoji2:emoji2:1.0.0] AndroidManifest.xml:28:13-68
56            android:exported="false" >
56-->[androidx.emoji2:emoji2:1.0.0] AndroidManifest.xml:29:13-37
57            <meta-data
57-->[androidx.emoji2:emoji2:1.0.0] AndroidManifest.xml:31:13-33:52
58                android:name="androidx.emoji2.text.EmojiCompatInitializer"
58-->[androidx.emoji2:emoji2:1.0.0] AndroidManifest.xml:32:17-75
59                android:value="androidx.startup" />
59-->[androidx.emoji2:emoji2:1.0.0] AndroidManifest.xml:33:17-49
60            <meta-data
60-->[androidx.lifecycle:lifecycle-process:2.4.0] AndroidManifest.xml:31:13-33:52
61                android:name="androidx.lifecycle.ProcessLifecycleInitializer"
61-->[androidx.lifecycle:lifecycle-process:2.4.0] AndroidManifest.xml:32:17-78
62                android:value="androidx.startup" />
62-->[androidx.lifecycle:lifecycle-process:2.4.0] AndroidManifest.xml:33:17-49
63        </provider>
64    </application>
65
66</manifest>